2021-08-23T04:48:05.752Z/fill?item=Dog&quantity=500
2021-08-23T04:48:05.962Z/favicon.ico
2021-08-23T04:50:32.690Z/fill?item=Dog&quantity=500
2021-08-23T04:50:32.873Z/favicon.ico
2021-08-23T04:52:42.022Z/fill?item=mk&quantity=500
2021-08-23T04:52:42.213Z/favicon.ico
2021-08-23T05:00:47.944Z/fill?item=mk&quantity=500
2021-08-23T05:00:48.134Z/favicon.ico
2021-08-23T05:02:32.485Z/fill?item=mk&quantity=500
2021-08-23T05:02:32.649Z/favicon.ico
2021-08-23T05:02:52.283Z/fill?item=mk&quantity=500
2021-08-23T05:02:52.496Z/favicon.ico
2021-08-23T05:05:57.620Z/fill?item=milk&quantity=100
2021-08-23T05:06:39.646Z/sell?item=milk&quantity=100
2021-08-23T05:06:56.597Z/check?item=milk
2021-08-23T05:07:39.467Z/remove?item=milk
2021-08-23T05:08:40.670Z/clear?item=mk
2021-08-23T05:19:31.447Z/
2021-08-23T05:19:33.061Z/favicon.ico
2021-08-23T05:19:53.713Z/sell?item=book&quantity=10
2021-08-23T05:20:30.845Z/favicon.ico
2021-08-24T01:49:59.695Z/fill?itm=milk&quantity=100
2021-08-24T01:50:29.019Z/fill?ite=milk&quantity=100
2021-08-24T01:51:30.309Z/fill?ite=milk&quantity=100
2021-08-24T01:53:01.417Z/fill?item=milk&quantity=100
2021-08-24T01:53:20.834Z/fill?ite=milk&quantity=100
2021-08-24T01:54:08.607Z/remove?item=mk
2021-08-24T03:26:14.202Z/
2021-08-24T03:26:14.459Z/favicon.ico
2021-08-24T03:26:27.562Z/fill?item=milk&quantity=500
2021-08-24T03:26:27.939Z/favicon.ico
2021-08-24T03:26:38.267Z/sell?item=milk&quantity=500
2021-08-24T03:26:38.649Z/favicon.ico
2021-08-24T03:26:45.705Z/sell?item=milk&quantity=500
2021-08-24T03:26:45.874Z/favicon.ico
2021-08-24T03:30:46.487Z/fill?item=milk&quantity=100
2021-08-24T03:31:21.945Z/fill?item=milk&quantity=100
2021-08-24T03:31:46.242Z/fll?item=milk&quantity=100
2021-08-24T03:31:56.367Z/seljl?item=milk&quantity=500
2021-08-24T03:31:56.569Z/favicon.ico
2021-08-24T03:32:19.371Z/fll?item=milk&quantity=100
2021-08-24T03:32:26.996Z/fill?item=milk&quantity=100
2021-08-24T03:32:36.069Z/fill?ite=milk&quantity=100
2021-08-24T03:32:42.160Z/fill?ite=milk&quantity=100
2021-08-24T03:33:10.053Z/fill?item=milk&quantity=100
2021-08-24T03:33:22.178Z/sell?item=milk&quantity=500
2021-08-24T03:33:23.436Z/sell?item=milk&quantity=500
2021-08-24T03:33:24.306Z/sell?item=milk&quantity=500
2021-08-24T03:33:24.828Z/sell?item=milk&quantity=500
2021-08-24T03:33:25.322Z/sell?item=milk&quantity=500
2021-08-24T03:33:25.669Z/sell?item=milk&quantity=500
2021-08-24T03:33:25.964Z/sell?item=milk&quantity=500
2021-08-24T03:33:26.189Z/sell?item=milk&quantity=500
2021-08-24T03:33:26.469Z/sell?item=milk&quantity=500
2021-08-24T03:33:26.797Z/sell?item=milk&quantity=500
2021-08-24T03:33:27.081Z/sell?item=milk&quantity=500
2021-08-24T03:33:27.408Z/sell?item=milk&quantity=500
2021-08-24T03:33:27.723Z/sell?item=milk&quantity=500
2021-08-24T03:33:27.963Z/sell?item=milk&quantity=500
2021-08-24T03:33:28.250Z/sell?item=milk&quantity=500
2021-08-24T03:33:28.745Z/sell?item=milk&quantity=500
2021-08-24T03:43:56.662Z/sel?item=milk&quantity=500
2021-08-24T03:44:57.402Z/sell?item=milk&quantity=500
2021-08-24T03:45:24.863Z/sell?item=milk&quantity=500
2021-08-24T03:45:33.387Z/sell?item=milk&quantity=500
2021-08-24T03:47:09.478Z/fill?item=milk&quantity=500
2021-08-24T03:47:15.911Z/fills?item=milk&quantity=500
2021-08-24T03:47:20.642Z/fill?item=milk&quantity=500
2021-08-24T03:47:47.715Z/sell?item=milk&quantity=500
2021-08-24T03:47:48.888Z/sell?item=milk&quantity=500
2021-08-24T03:47:49.582Z/sell?item=milk&quantity=500
2021-08-24T03:54:05.696Z/fill?item=milk&quantity=500
2021-08-24T03:54:14.840Z/fill?item=milk&quantity=500
2021-08-24T03:54:19.676Z/fill?item=milk&quantity=500
2021-08-24T04:01:46.652Z/sell?item=milk&quantity=500
2021-08-24T04:02:21.919Z/fill?item=milk&quantity=500
2021-08-24T04:02:25.362Z/fill?item=milk&quantity=500
2021-08-24T04:02:25.834Z/fill?item=milk&quantity=500
2021-08-24T04:02:26.313Z/fill?item=milk&quantity=500
2021-08-24T04:02:28.253Z/fil?item=milk&quantity=500
2021-08-24T04:02:36.236Z/sell?item=milk&quantity=500
2021-08-24T04:02:37.759Z/sell?item=milk&quantity=500
2021-08-24T04:02:38.244Z/sell?item=milk&quantity=500
2021-08-24T04:02:38.712Z/sell?item=milk&quantity=500
2021-08-24T04:02:39.201Z/sell?item=milk&quantity=500
2021-08-24T04:10:36.453Z/check?item=milk
2021-08-24T04:13:07.503Z/fill?item=ipad&quantity=1
2021-08-24T04:48:06.002Z/search
2021-08-24T04:48:39.752Z/search?name=a
2021-08-24T04:49:53.126Z/search?name=a
2021-08-24T04:49:54.014Z/search?name=a
2021-08-24T04:50:04.680Z/search?name=a
2021-08-24T04:50:10.398Z/search?name=s
2021-08-24T05:15:54.945Z/search?name=search
2021-08-24T05:16:55.240Z/search?name=search
2021-08-24T05:18:41.512Z/search?name=search
2021-08-24T05:18:56.189Z/search?name=a
2021-08-24T05:19:11.608Z/search?name=a
2021-08-24T05:20:28.781Z/search?name=a
2021-08-24T05:21:33.776Z/search?name=a
2021-08-24T05:21:44.610Z/search?name=a
2021-08-24T05:22:11.728Z/search?name=a
2021-08-24T05:22:44.146Z/search?name=a
2021-08-24T05:24:49.706Z/search?name=a
2021-08-24T05:25:12.366Z/search?name=a
2021-08-24T05:32:44.502Z/
2021-08-24T05:32:44.733Z/favicon.ico
2021-08-24T05:32:51.607Z/search?name=a
2021-08-24T05:33:12.310Z/search?name=ipad
2021-08-24T05:33:32.667Z/search?name=ipad
2021-08-24T05:34:05.156Z/search?name=ipad
2021-08-24T05:34:40.927Z/search?name=ipad
2021-08-24T05:35:11.263Z/search?name=ipad
2021-08-24T05:35:22.286Z/search?name=ipad
2021-08-24T05:35:34.447Z/search?name=ipad
2021-08-24T05:36:33.588Z/search?name=ipad
2021-08-24T05:42:05.775Z/search?name=ipad
2021-08-24T05:48:02.709Z/search?name=ipad
2021-08-24T05:55:34.953Z/search?name=ipad
2021-08-24T05:58:22.301Z/search?name=ipad
2021-08-24T05:58:47.445Z/search?name=ipad
2021-08-24T05:59:58.732Z/search?name=ipad
2021-08-24T06:00:19.758Z/search?name=ipad
2021-08-24T06:01:06.376Z/search?name=ipad
2021-08-24T06:01:59.121Z/search?name=ipad
2021-08-24T06:02:08.190Z/search?name=ipad
2021-08-24T08:26:30.794Z/
2021-08-24T08:26:31.095Z/favicon.ico
2021-08-24T08:26:41.946Z/serach
2021-08-24T08:26:51.280Z/search
2021-08-24T08:27:37.967Z/fill?item=milk&quantity=500
2021-08-24T08:27:45.034Z/fill?item=orange&quantity=500
2021-08-24T08:28:02.796Z/search/?name=o
2021-08-24T08:28:12.020Z/search
2021-08-24T08:28:17.811Z/search?name=a
2021-08-24T08:28:54.797Z/search?name=a
2021-08-24T08:29:36.650Z/search?name=a
2021-08-24T08:32:30.261Z/search?name=a
2021-08-24T08:32:56.259Z/search?name=a
2021-08-24T08:36:16.578Z/search?name=a
2021-08-24T08:36:56.384Z/search?name=a
2021-08-24T08:37:13.329Z/search?name=a
2021-08-24T08:37:16.636Z/search?name=a
2021-08-24T08:40:29.873Z/search?name=a
2021-08-24T08:40:44.756Z/search?name=a
2021-08-24T08:42:01.451Z/search?name=a
2021-08-24T08:43:38.750Z/search?name=a
2021-08-24T08:45:02.273Z/search?name=a
2021-08-24T08:46:17.192Z/search?name=a
2021-08-24T08:46:32.924Z/search?name=a
2021-08-24T08:46:45.344Z/search?name=a
2021-08-24T08:46:54.038Z/search?name=a
2021-08-24T08:47:15.214Z/search?name=a
2021-08-24T08:47:59.405Z/search?name=a
2021-08-24T08:48:22.664Z/search?name=a
2021-08-24T08:48:30.734Z/search?name=ipad
2021-08-24T08:49:49.722Z/search?name=ipad
2021-08-24T08:51:26.170Z/search?name=ipad
2021-08-24T08:51:35.849Z/search?name=a
2021-08-24T08:51:50.837Z/search?name=
2021-08-24T08:51:56.011Z/search?name=0
2021-08-24T08:53:33.541Z/search?name=ipad
2021-08-24T08:53:38.598Z/search?name=i
2021-08-24T08:54:33.482Z/search?name=i
2021-08-24T08:55:53.077Z/search?name=i
2021-08-24T08:56:31.225Z/
2021-08-24T08:56:35.273Z/fill?item=milk&quantity=500
2021-08-24T08:56:38.015Z/search
2021-08-24T08:58:00.008Z/search?name=a
2021-08-24T08:58:02.647Z/search?name=ipad
2021-08-24T08:58:46.558Z/search?name=ipad
2021-08-24T09:01:35.520Z/search?name=ipad
2021-08-24T09:02:27.994Z/search?name=ipad
2021-08-24T09:02:59.880Z/search?name=ipad
2021-08-24T09:03:10.594Z/search?name=ipad5
2021-08-24T09:03:13.768Z/search?name=ipad
2021-08-24T09:03:16.029Z/search?name=a
2021-08-24T09:03:38.986Z/searsch?name=a
2021-08-24T09:04:15.996Z/fill?item=milk&quantity=500
2021-08-26T10:33:45.655Z/
2021-08-26T10:33:45.999Z/favicon.ico
2021-08-26T10:33:58.486Z/search?name=a
2021-08-26T10:35:22.839Z/search?name=ipad
2021-08-26T10:35:34.388Z/search?name=milk
